<html>
<head>
<title>TestNG:  Test</title>
<link href="../testng.css" rel="stylesheet" type="text/css" />
<link href="../my-testng.css" rel="stylesheet" type="text/css" />

<style type="text/css">
.log { display: none;} 
.stack-trace { display: none;} 
</style>
<script type="text/javascript">
<!--
function flip(e) {
  current = e.style.display;
  if (current == 'block') {
    e.style.display = 'none';
    return 0;
  }
  else {
    e.style.display = 'block';
    return 1;
  }
}

function toggleBox(szDivId, elem, msg1, msg2)
{
  var res = -1;  if (document.getElementById) {
    res = flip(document.getElementById(szDivId));
  }
  else if (document.all) {
    // this is the way old msie versions work
    res = flip(document.all[szDivId]);
  }
  if(elem) {
    if(res == 0) elem.innerHTML = msg1; else elem.innerHTML = msg2;
  }

}

function toggleAllBoxes() {
  if (document.getElementsByTagName) {
    d = document.getElementsByTagName('div');
    for (i = 0; i < d.length; i++) {
      if (d[i].className == 'log') {
        flip(d[i]);
      }
    }
  }
}

// -->
</script>

</head>
<body>
<h2 align='center'>Test</h2><table border='1' align="center">
<tr>
<td>Tests passed/Failed/Skipped:</td><td>30/2/0</td>
</tr><tr>
<td>Started on:</td><td>Wed Jan 04 11:47:56 GST 2023</td>
</tr>
<tr><td>Total time:</td><td>206 seconds (206834 ms)</td>
</tr><tr>
<td>Included groups:</td><td></td>
</tr><tr>
<td>Excluded groups:</td><td></td>
</tr>
</table><p/>
<small><i>(Hover the method name to see the test class name)</i></small><p/>
<table width='100%' border='1' class='invocation-failed'>
<tr><td colspan='4' align='center'><b>FAILED TESTS</b></td></tr>
<tr><td><b>Test method</b></td>
<td width="30%"><b>Exception</b></td>
<td width="10%"><b>Time (seconds)</b></td>
<td><b>Instance</b></td>
</tr>
<tr>
<td title='TestNGtest.TC_ListProduct.TC_Cdelete()'><b>TC_Cdelete</b><br>Test class: TestNGtest.TC_ListProduct</td>
<td><div><pre>org.openqa.selenium.NoSuchElementException: no such element: Unable to locate element: {&quot;method&quot;:&quot;css selector&quot;,&quot;selector&quot;:&quot;.toast\-message&quot;}
  (Session info: chrome=108.0.5359.125)
For documentation on this error, please visit: https://selenium.dev/exceptions/#no_such_element
Build info: version: &apos;4.4.0&apos;, revision: &apos;e5c75ed026a&apos;
System info: host: &apos;DESKTOP-C4GD19I&apos;, ip: &apos;192.168.0.106&apos;, os.name: &apos;Windows 11&apos;, os.arch: &apos;amd64&apos;, os.version: &apos;10.0&apos;, java.version: &apos;17.0.5&apos;
Driver info: org.openqa.selenium.chrome.ChromeDriver
Command: [10d5a4ea45c78704ed02f9bbd5c0149c, findElement {using=class name, value=toast-message}]
Capabilities {acceptInsecureCerts: false, browserName: chrome, browserVersion: 108.0.5359.125, chrome: {chromedriverVersion: 107.0.5304.62 (1eec40d3a576..., userDataDir: C:\Users\Sajida\AppData\Loc...}, goog:chromeOptions: {debuggerAddress: localhost:52254}, networkConnectionEnabled: false, pageLoadStrategy: normal, platformName: WINDOWS, proxy: Proxy(), se:cdp: ws://localhost:52254/devtoo..., se:cdpVersion: 108.0.5359.125, setWindowRect: true, strictFileInteractability: false, timeouts: {implicit: 0, pageLoad: 300000, script: 30000}, unhandledPromptBehavior: dismiss and notify, webauthn:extension:credBlob: true, webauthn:extension:largeBlob: true, webauthn:virtualAuthenticators: true}
Session ID: 10d5a4ea45c78704ed02f9bbd5c0149c
	at org.openqa.selenium.remote.codec.w3c.W3CHttpResponseCodec.createException(W3CHttpResponseCodec.java:200)
	at org.openqa.selenium.remote.codec.w3c.W3CHttpResponseCodec.decode(W3CHttpResponseCodec.java:133)
	at org.openqa.selenium.remote.codec.w3c.W3CHttpResponseCodec.decode(W3CHttpResponseCodec.java:53)
	at org.openqa.selenium.remote.HttpCommandExecutor.execute(HttpCommandExecutor.java:184)
	at org.openqa.selenium.remote.service.DriverCommandExecutor.invokeExecute(DriverCommandExecutor.java:167)
	at org.openqa.selenium.remote.service.DriverCommandExecutor.execute(DriverCommandExecutor.java:142)
	at org.openqa.selenium.remote.RemoteWebDriver.execute(RemoteWebDriver.java:547)
	at org.openqa.selenium.remote.ElementLocation$ElementFinder$2.findElement(ElementLocation.java:162)
	at org.openqa.selenium.remote.ElementLocation.findElement(ElementLocation.java:66)
	at org.openqa.selenium.remote.RemoteWebDriver.findElement(RemoteWebDriver.java:365)
	at org.openqa.selenium.remote.RemoteWebDriver.findElement(RemoteWebDriver.java:357)
	at org.openqa.selenium.support.pagefactory.DefaultElementLocator.findElement(DefaultElementLocator.java:70)
	at org.openqa.selenium.support.pagefactory.internal.LocatingElementHandler.invoke(LocatingElementHandler.java:39)
	at jdk.proxy2/jdk.proxy2.$Proxy25.getText(Unknown Source)
	at PageElements.ListProduct.deleteMethod(ListProduct.java:65)
	at TestNGtest.TC_ListProduct.TC_Cdelete(TC_ListProduct.java:54)
	at java.base/java.util.concurrent.ThreadPoolExecutor.runWorker(ThreadPoolExecutor.java:1136)
	at java.base/java.util.concurrent.ThreadPoolExecutor$Worker.run(ThreadPoolExecutor.java:635)
	at java.base/java.lang.Thread.run(Thread.java:833)
... Removed 17 stack frames</pre></div><a href='#' onClick='toggleBox("stack-trace685959890", this, "Click to show all stack frames", "Click to hide stack frames")'>Click to show all stack frames</a>
<div class='stack-trace' id='stack-trace685959890'><pre>org.openqa.selenium.NoSuchElementException: no such element: Unable to locate element: {&quot;method&quot;:&quot;css selector&quot;,&quot;selector&quot;:&quot;.toast\-message&quot;}
  (Session info: chrome=108.0.5359.125)
For documentation on this error, please visit: https://selenium.dev/exceptions/#no_such_element
Build info: version: &apos;4.4.0&apos;, revision: &apos;e5c75ed026a&apos;
System info: host: &apos;DESKTOP-C4GD19I&apos;, ip: &apos;192.168.0.106&apos;, os.name: &apos;Windows 11&apos;, os.arch: &apos;amd64&apos;, os.version: &apos;10.0&apos;, java.version: &apos;17.0.5&apos;
Driver info: org.openqa.selenium.chrome.ChromeDriver
Command: [10d5a4ea45c78704ed02f9bbd5c0149c, findElement {using=class name, value=toast-message}]
Capabilities {acceptInsecureCerts: false, browserName: chrome, browserVersion: 108.0.5359.125, chrome: {chromedriverVersion: 107.0.5304.62 (1eec40d3a576..., userDataDir: C:\Users\Sajida\AppData\Loc...}, goog:chromeOptions: {debuggerAddress: localhost:52254}, networkConnectionEnabled: false, pageLoadStrategy: normal, platformName: WINDOWS, proxy: Proxy(), se:cdp: ws://localhost:52254/devtoo..., se:cdpVersion: 108.0.5359.125, setWindowRect: true, strictFileInteractability: false, timeouts: {implicit: 0, pageLoad: 300000, script: 30000}, unhandledPromptBehavior: dismiss and notify, webauthn:extension:credBlob: true, webauthn:extension:largeBlob: true, webauthn:virtualAuthenticators: true}
Session ID: 10d5a4ea45c78704ed02f9bbd5c0149c
	at java.base/jdk.internal.reflect.NativeConstructorAccessorImpl.newInstance0(Native Method)
	at java.base/jdk.internal.reflect.NativeConstructorAccessorImpl.newInstance(NativeConstructorAccessorImpl.java:77)
	at java.base/jdk.internal.reflect.DelegatingConstructorAccessorImpl.newInstance(DelegatingConstructorAccessorImpl.java:45)
	at java.base/java.lang.reflect.Constructor.newInstanceWithCaller(Constructor.java:499)
	at java.base/java.lang.reflect.Constructor.newInstance(Constructor.java:480)
	at org.openqa.selenium.remote.codec.w3c.W3CHttpResponseCodec.createException(W3CHttpResponseCodec.java:200)
	at org.openqa.selenium.remote.codec.w3c.W3CHttpResponseCodec.decode(W3CHttpResponseCodec.java:133)
	at org.openqa.selenium.remote.codec.w3c.W3CHttpResponseCodec.decode(W3CHttpResponseCodec.java:53)
	at org.openqa.selenium.remote.HttpCommandExecutor.execute(HttpCommandExecutor.java:184)
	at org.openqa.selenium.remote.service.DriverCommandExecutor.invokeExecute(DriverCommandExecutor.java:167)
	at org.openqa.selenium.remote.service.DriverCommandExecutor.execute(DriverCommandExecutor.java:142)
	at org.openqa.selenium.remote.RemoteWebDriver.execute(RemoteWebDriver.java:547)
	at org.openqa.selenium.remote.ElementLocation$ElementFinder$2.findElement(ElementLocation.java:162)
	at org.openqa.selenium.remote.ElementLocation.findElement(ElementLocation.java:66)
	at org.openqa.selenium.remote.RemoteWebDriver.findElement(RemoteWebDriver.java:365)
	at org.openqa.selenium.remote.RemoteWebDriver.findElement(RemoteWebDriver.java:357)
	at org.openqa.selenium.support.pagefactory.DefaultElementLocator.findElement(DefaultElementLocator.java:70)
	at org.openqa.selenium.support.pagefactory.internal.LocatingElementHandler.invoke(LocatingElementHandler.java:39)
	at jdk.proxy2/jdk.proxy2.$Proxy25.getText(Unknown Source)
	at PageElements.ListProduct.deleteMethod(ListProduct.java:65)
	at TestNGtest.TC_ListProduct.TC_Cdelete(TC_ListProduct.java:54)
	at java.base/jdk.internal.reflect.NativeMethodAccessorImpl.invoke0(Native Method)
	at java.base/jdk.internal.reflect.NativeMethodAccessorImpl.invoke(NativeMethodAccessorImpl.java:77)
	at java.base/jdk.internal.reflect.DelegatingMethodAccessorImpl.invoke(DelegatingMethodAccessorImpl.java:43)
	at java.base/java.lang.reflect.Method.invoke(Method.java:568)
	at org.testng.internal.MethodInvocationHelper.invokeMethod(MethodInvocationHelper.java:133)
	at org.testng.internal.TestInvoker.invokeMethod(TestInvoker.java:598)
	at org.testng.internal.TestInvoker.invokeTestMethod(TestInvoker.java:173)
	at org.testng.internal.MethodRunner.runInSequence(MethodRunner.java:46)
	at org.testng.internal.TestInvoker$MethodInvocationAgent.invoke(TestInvoker.java:824)
	at org.testng.internal.TestInvoker.invokeTestMethods(TestInvoker.java:146)
	at org.testng.internal.TestMethodWorker.invokeTestMethods(TestMethodWorker.java:146)
	at org.testng.internal.TestMethodWorker.run(TestMethodWorker.java:128)
	at java.base/java.util.concurrent.ThreadPoolExecutor.runWorker(ThreadPoolExecutor.java:1136)
	at java.base/java.util.concurrent.ThreadPoolExecutor$Worker.run(ThreadPoolExecutor.java:635)
	at java.base/java.lang.Thread.run(Thread.java:833)
</pre></div></td>
<td>7</td>
<td>TestNGtest.TC_ListProduct@56928307</td></tr>
<tr>
<td title='TestNGtest.TC_loginpage.itestresultdemo()'><b>itestresultdemo</b><br>Test class: TestNGtest.TC_loginpage</td>
<td><div><pre>org.openqa.selenium.NoSuchElementException: no such element: Unable to locate element: {&quot;method&quot;:&quot;css selector&quot;,&quot;selector&quot;:&quot;#username&quot;}
  (Session info: chrome=108.0.5359.125)
For documentation on this error, please visit: https://selenium.dev/exceptions/#no_such_element
Build info: version: &apos;4.4.0&apos;, revision: &apos;e5c75ed026a&apos;
System info: host: &apos;DESKTOP-C4GD19I&apos;, ip: &apos;192.168.0.106&apos;, os.name: &apos;Windows 11&apos;, os.arch: &apos;amd64&apos;, os.version: &apos;10.0&apos;, java.version: &apos;17.0.5&apos;
Driver info: org.openqa.selenium.chrome.ChromeDriver
Command: [bcf44fdcb1db1eb6ba9ba10a4a4fb6f1, findElement {using=id, value=username}]
Capabilities {acceptInsecureCerts: false, browserName: chrome, browserVersion: 108.0.5359.125, chrome: {chromedriverVersion: 107.0.5304.62 (1eec40d3a576..., userDataDir: C:\Users\Sajida\AppData\Loc...}, goog:chromeOptions: {debuggerAddress: localhost:52319}, networkConnectionEnabled: false, pageLoadStrategy: normal, platformName: WINDOWS, proxy: Proxy(), se:cdp: ws://localhost:52319/devtoo..., se:cdpVersion: 108.0.5359.125, setWindowRect: true, strictFileInteractability: false, timeouts: {implicit: 0, pageLoad: 300000, script: 30000}, unhandledPromptBehavior: dismiss and notify, webauthn:extension:credBlob: true, webauthn:extension:largeBlob: true, webauthn:virtualAuthenticators: true}
Session ID: bcf44fdcb1db1eb6ba9ba10a4a4fb6f1
	at org.openqa.selenium.remote.codec.w3c.W3CHttpResponseCodec.createException(W3CHttpResponseCodec.java:200)
	at org.openqa.selenium.remote.codec.w3c.W3CHttpResponseCodec.decode(W3CHttpResponseCodec.java:133)
	at org.openqa.selenium.remote.codec.w3c.W3CHttpResponseCodec.decode(W3CHttpResponseCodec.java:53)
	at org.openqa.selenium.remote.HttpCommandExecutor.execute(HttpCommandExecutor.java:184)
	at org.openqa.selenium.remote.service.DriverCommandExecutor.invokeExecute(DriverCommandExecutor.java:167)
	at org.openqa.selenium.remote.service.DriverCommandExecutor.execute(DriverCommandExecutor.java:142)
	at org.openqa.selenium.remote.RemoteWebDriver.execute(RemoteWebDriver.java:547)
	at org.openqa.selenium.remote.ElementLocation$ElementFinder$2.findElement(ElementLocation.java:162)
	at org.openqa.selenium.remote.ElementLocation.findElement(ElementLocation.java:60)
	at org.openqa.selenium.remote.RemoteWebDriver.findElement(RemoteWebDriver.java:365)
	at org.openqa.selenium.remote.RemoteWebDriver.findElement(RemoteWebDriver.java:357)
	at org.openqa.selenium.support.pagefactory.DefaultElementLocator.findElement(DefaultElementLocator.java:70)
	at org.openqa.selenium.support.pagefactory.internal.LocatingElementHandler.invoke(LocatingElementHandler.java:39)
	at jdk.proxy2/jdk.proxy2.$Proxy25.isDisplayed(Unknown Source)
	at TestNGtest.TC_loginpage.itestresultdemo(TC_loginpage.java:97)
	at java.base/java.util.concurrent.ThreadPoolExecutor.runWorker(ThreadPoolExecutor.java:1136)
	at java.base/java.util.concurrent.ThreadPoolExecutor$Worker.run(ThreadPoolExecutor.java:635)
	at java.base/java.lang.Thread.run(Thread.java:833)
... Removed 17 stack frames</pre></div><a href='#' onClick='toggleBox("stack-trace308190099", this, "Click to show all stack frames", "Click to hide stack frames")'>Click to show all stack frames</a>
<div class='stack-trace' id='stack-trace308190099'><pre>org.openqa.selenium.NoSuchElementException: no such element: Unable to locate element: {&quot;method&quot;:&quot;css selector&quot;,&quot;selector&quot;:&quot;#username&quot;}
  (Session info: chrome=108.0.5359.125)
For documentation on this error, please visit: https://selenium.dev/exceptions/#no_such_element
Build info: version: &apos;4.4.0&apos;, revision: &apos;e5c75ed026a&apos;
System info: host: &apos;DESKTOP-C4GD19I&apos;, ip: &apos;192.168.0.106&apos;, os.name: &apos;Windows 11&apos;, os.arch: &apos;amd64&apos;, os.version: &apos;10.0&apos;, java.version: &apos;17.0.5&apos;
Driver info: org.openqa.selenium.chrome.ChromeDriver
Command: [bcf44fdcb1db1eb6ba9ba10a4a4fb6f1, findElement {using=id, value=username}]
Capabilities {acceptInsecureCerts: false, browserName: chrome, browserVersion: 108.0.5359.125, chrome: {chromedriverVersion: 107.0.5304.62 (1eec40d3a576..., userDataDir: C:\Users\Sajida\AppData\Loc...}, goog:chromeOptions: {debuggerAddress: localhost:52319}, networkConnectionEnabled: false, pageLoadStrategy: normal, platformName: WINDOWS, proxy: Proxy(), se:cdp: ws://localhost:52319/devtoo..., se:cdpVersion: 108.0.5359.125, setWindowRect: true, strictFileInteractability: false, timeouts: {implicit: 0, pageLoad: 300000, script: 30000}, unhandledPromptBehavior: dismiss and notify, webauthn:extension:credBlob: true, webauthn:extension:largeBlob: true, webauthn:virtualAuthenticators: true}
Session ID: bcf44fdcb1db1eb6ba9ba10a4a4fb6f1
	at java.base/jdk.internal.reflect.NativeConstructorAccessorImpl.newInstance0(Native Method)
	at java.base/jdk.internal.reflect.NativeConstructorAccessorImpl.newInstance(NativeConstructorAccessorImpl.java:77)
	at java.base/jdk.internal.reflect.DelegatingConstructorAccessorImpl.newInstance(DelegatingConstructorAccessorImpl.java:45)
	at java.base/java.lang.reflect.Constructor.newInstanceWithCaller(Constructor.java:499)
	at java.base/java.lang.reflect.Constructor.newInstance(Constructor.java:480)
	at org.openqa.selenium.remote.codec.w3c.W3CHttpResponseCodec.createException(W3CHttpResponseCodec.java:200)
	at org.openqa.selenium.remote.codec.w3c.W3CHttpResponseCodec.decode(W3CHttpResponseCodec.java:133)
	at org.openqa.selenium.remote.codec.w3c.W3CHttpResponseCodec.decode(W3CHttpResponseCodec.java:53)
	at org.openqa.selenium.remote.HttpCommandExecutor.execute(HttpCommandExecutor.java:184)
	at org.openqa.selenium.remote.service.DriverCommandExecutor.invokeExecute(DriverCommandExecutor.java:167)
	at org.openqa.selenium.remote.service.DriverCommandExecutor.execute(DriverCommandExecutor.java:142)
	at org.openqa.selenium.remote.RemoteWebDriver.execute(RemoteWebDriver.java:547)
	at org.openqa.selenium.remote.ElementLocation$ElementFinder$2.findElement(ElementLocation.java:162)
	at org.openqa.selenium.remote.ElementLocation.findElement(ElementLocation.java:60)
	at org.openqa.selenium.remote.RemoteWebDriver.findElement(RemoteWebDriver.java:365)
	at org.openqa.selenium.remote.RemoteWebDriver.findElement(RemoteWebDriver.java:357)
	at org.openqa.selenium.support.pagefactory.DefaultElementLocator.findElement(DefaultElementLocator.java:70)
	at org.openqa.selenium.support.pagefactory.internal.LocatingElementHandler.invoke(LocatingElementHandler.java:39)
	at jdk.proxy2/jdk.proxy2.$Proxy25.isDisplayed(Unknown Source)
	at TestNGtest.TC_loginpage.itestresultdemo(TC_loginpage.java:97)
	at java.base/jdk.internal.reflect.NativeMethodAccessorImpl.invoke0(Native Method)
	at java.base/jdk.internal.reflect.NativeMethodAccessorImpl.invoke(NativeMethodAccessorImpl.java:77)
	at java.base/jdk.internal.reflect.DelegatingMethodAccessorImpl.invoke(DelegatingMethodAccessorImpl.java:43)
	at java.base/java.lang.reflect.Method.invoke(Method.java:568)
	at org.testng.internal.MethodInvocationHelper.invokeMethod(MethodInvocationHelper.java:133)
	at org.testng.internal.TestInvoker.invokeMethod(TestInvoker.java:598)
	at org.testng.internal.TestInvoker.invokeTestMethod(TestInvoker.java:173)
	at org.testng.internal.MethodRunner.runInSequence(MethodRunner.java:46)
	at org.testng.internal.TestInvoker$MethodInvocationAgent.invoke(TestInvoker.java:824)
	at org.testng.internal.TestInvoker.invokeTestMethods(TestInvoker.java:146)
	at org.testng.internal.TestMethodWorker.invokeTestMethods(TestMethodWorker.java:146)
	at org.testng.internal.TestMethodWorker.run(TestMethodWorker.java:128)
	at java.base/java.util.concurrent.ThreadPoolExecutor.runWorker(ThreadPoolExecutor.java:1136)
	at java.base/java.util.concurrent.ThreadPoolExecutor$Worker.run(ThreadPoolExecutor.java:635)
	at java.base/java.lang.Thread.run(Thread.java:833)
</pre></div></td>
<td>0</td>
<td>TestNGtest.TC_loginpage@6ccdb29f</td></tr>
</table><p>
<table width='100%' border='1' class='invocation-passed'>
<tr><td colspan='4' align='center'><b>PASSED TESTS</b></td></tr>
<tr><td><b>Test method</b></td>
<td width="30%"><b>Exception</b></td>
<td width="10%"><b>Time (seconds)</b></td>
<td><b>Instance</b></td>
</tr>
<tr>
<td title='TestNGtest.TC_Purchase.TC_Baddingwithoutsuplier()'><b>TC_Baddingwithoutsuplier</b><br>Test class: TestNGtest.TC_Purchase</td>
<td></td>
<td>12</td>
<td>TestNGtest.TC_Purchase@5ba88be8</td></tr>
<tr>
<td title='TestNGtest.TC_loginpage.TC_AVerifyTitle()'><b>TC_AVerifyTitle</b><br>Test class: TestNGtest.TC_loginpage</td>
<td></td>
<td>0</td>
<td>TestNGtest.TC_loginpage@6ccdb29f</td></tr>
<tr>
<td title='TestNGtest.TC_ProductPage.TC_IinclusiveTax()'><b>TC_IinclusiveTax</b><br>Test class: TestNGtest.TC_ProductPage</td>
<td></td>
<td>0</td>
<td>TestNGtest.TC_ProductPage@3899782c</td></tr>
<tr>
<td title='TestNGtest.TC_ProductPage.TC_ZAllInputs()'><b>TC_ZAllInputs</b><br>Test class: TestNGtest.TC_ProductPage</td>
<td></td>
<td>8</td>
<td>TestNGtest.TC_ProductPage@3899782c</td></tr>
<tr>
<td title='TestNGtest.TC_ProductPage.TC_skuTooltip()'><b>TC_skuTooltip</b><br>Test class: TestNGtest.TC_ProductPage</td>
<td></td>
<td>0</td>
<td>TestNGtest.TC_ProductPage@3899782c</td></tr>
<tr>
<td title='TestNGtest.TC_loginpage.TC_BloginDDwithInvalidData()'><b>TC_BloginDDwithInvalidData</b><br>Test class: TestNGtest.TC_loginpage<br>Parameters: admin2, 123456</td>
<td></td>
<td>4</td>
<td>TestNGtest.TC_loginpage@6ccdb29f</td></tr>
<tr>
<td title='TestNGtest.TC_Purchase.TC_Kaddproduct()'><b>TC_Kaddproduct</b><br>Test class: TestNGtest.TC_Purchase</td>
<td></td>
<td>3</td>
<td>TestNGtest.TC_Purchase@5ba88be8</td></tr>
<tr>
<td title='TestNGtest.TC_ListProduct.TC_Bcheckbox()'><b>TC_Bcheckbox</b><br>Test class: TestNGtest.TC_ListProduct</td>
<td></td>
<td>0</td>
<td>TestNGtest.TC_ListProduct@56928307</td></tr>
<tr>
<td title='TestNGtest.TC_ListProduct.TC_DdeleteWithNoElement()'><b>TC_DdeleteWithNoElement</b><br>Test class: TestNGtest.TC_ListProduct</td>
<td></td>
<td>18</td>
<td>TestNGtest.TC_ListProduct@56928307</td></tr>
<tr>
<td title='TestNGtest.TC_Purchase.TC_Faddingwithoutamount()'><b>TC_Faddingwithoutamount</b><br>Test class: TestNGtest.TC_Purchase</td>
<td></td>
<td>16</td>
<td>TestNGtest.TC_Purchase@5ba88be8</td></tr>
<tr>
<td title='TestNGtest.TC_Purchase.TC_DaddingwithoutbusinessLoc()'><b>TC_DaddingwithoutbusinessLoc</b><br>Test class: TestNGtest.TC_Purchase</td>
<td></td>
<td>13</td>
<td>TestNGtest.TC_Purchase@5ba88be8</td></tr>
<tr>
<td title='TestNGtest.TC_Purchase.TC_GCardDetails()'><b>TC_GCardDetails</b><br>Test class: TestNGtest.TC_Purchase</td>
<td></td>
<td>2</td>
<td>TestNGtest.TC_Purchase@5ba88be8</td></tr>
<tr>
<td title='TestNGtest.TC_loginpage.TC_BloginDDwithInvalidData()'><b>TC_BloginDDwithInvalidData</b><br>Test class: TestNGtest.TC_loginpage<br>Parameters: adasf, df</td>
<td></td>
<td>4</td>
<td>TestNGtest.TC_loginpage@6ccdb29f</td></tr>
<tr>
<td title='TestNGtest.TC_ProductPage.TC_AwithoutProName()'><b>TC_AwithoutProName</b><br>Test class: TestNGtest.TC_ProductPage</td>
<td></td>
<td>9</td>
<td>TestNGtest.TC_ProductPage@3899782c</td></tr>
<tr>
<td title='TestNGtest.TC_Purchase.TC_EaddingwithoutProduct()'><b>TC_EaddingwithoutProduct</b><br>Test class: TestNGtest.TC_Purchase</td>
<td></td>
<td>4</td>
<td>TestNGtest.TC_Purchase@5ba88be8</td></tr>
<tr>
<td title='TestNGtest.TC_Purchase.TC_ZvalidData()'><b>TC_ZvalidData</b><br>Test class: TestNGtest.TC_Purchase</td>
<td></td>
<td>45</td>
<td>TestNGtest.TC_Purchase@5ba88be8</td></tr>
<tr>
<td title='TestNGtest.TC_Purchase.TC_JfileUpload()'><b>TC_JfileUpload</b><br>Test class: TestNGtest.TC_Purchase</td>
<td></td>
<td>2</td>
<td>TestNGtest.TC_Purchase@5ba88be8</td></tr>
<tr>
<td title='TestNGtest.TC_Purchase.TC_AverifyTitle()'><b>TC_AverifyTitle</b><br>Test class: TestNGtest.TC_Purchase</td>
<td></td>
<td>12</td>
<td>TestNGtest.TC_Purchase@5ba88be8</td></tr>
<tr>
<td title='TestNGtest.TC_ListProduct.TC_A()'><b>TC_A</b><br>Test class: TestNGtest.TC_ListProduct</td>
<td></td>
<td>9</td>
<td>TestNGtest.TC_ListProduct@56928307</td></tr>
<tr>
<td title='TestNGtest.TC_Purchase.TC_Caddingwithoutstatus()'><b>TC_Caddingwithoutstatus</b><br>Test class: TestNGtest.TC_Purchase</td>
<td></td>
<td>24</td>
<td>TestNGtest.TC_Purchase@5ba88be8</td></tr>
<tr>
<td title='TestNGtest.TC_ProductPage.TC_CwithoutalertQuantity()'><b>TC_CwithoutalertQuantity</b><br>Test class: TestNGtest.TC_ProductPage</td>
<td></td>
<td>10</td>
<td>TestNGtest.TC_ProductPage@3899782c</td></tr>
<tr>
<td title='TestNGtest.TC_ProductPage.TC_Ewithoutnayfield()'><b>TC_Ewithoutnayfield</b><br>Test class: TestNGtest.TC_ProductPage</td>
<td></td>
<td>8</td>
<td>TestNGtest.TC_ProductPage@3899782c</td></tr>
<tr>
<td title='TestNGtest.TC_ProductPage.TC_GmanageCheck()'><b>TC_GmanageCheck</b><br>Test class: TestNGtest.TC_ProductPage</td>
<td></td>
<td>0</td>
<td>TestNGtest.TC_ProductPage@3899782c</td></tr>
<tr>
<td title='TestNGtest.TC_Purchase.TC_Isearchproduct()'><b>TC_Isearchproduct</b><br>Test class: TestNGtest.TC_Purchase</td>
<td></td>
<td>6</td>
<td>TestNGtest.TC_Purchase@5ba88be8</td></tr>
<tr>
<td title='TestNGtest.TC_loginpage.TC_BloginDDwithInvalidData()'><b>TC_BloginDDwithInvalidData</b><br>Test class: TestNGtest.TC_loginpage<br>Parameters: admin1, 123456</td>
<td></td>
<td>4</td>
<td>TestNGtest.TC_loginpage@6ccdb29f</td></tr>
<tr>
<td title='TestNGtest.TC_ProductPage.TC_FverifyTitle()'><b>TC_FverifyTitle</b><br>Test class: TestNGtest.TC_ProductPage</td>
<td></td>
<td>0</td>
<td>TestNGtest.TC_ProductPage@3899782c</td></tr>
<tr>
<td title='TestNGtest.TC_Purchase.TC_HdateCheck()'><b>TC_HdateCheck</b><br>Test class: TestNGtest.TC_Purchase</td>
<td></td>
<td>0</td>
<td>TestNGtest.TC_Purchase@5ba88be8</td></tr>
<tr>
<td title='TestNGtest.TC_ListProduct.TC_AVerifyTitle()'><b>TC_AVerifyTitle</b><br>Test class: TestNGtest.TC_ListProduct</td>
<td></td>
<td>0</td>
<td>TestNGtest.TC_ListProduct@56928307</td></tr>
<tr>
<td title='TestNGtest.TC_loginpage.TC_Clogin()'><b>TC_Clogin</b><br>Test class: TestNGtest.TC_loginpage</td>
<td></td>
<td>9</td>
<td>TestNGtest.TC_loginpage@6ccdb29f</td></tr>
<tr>
<td title='TestNGtest.TC_ProductPage.TC_DwithoutExclusiveTax()'><b>TC_DwithoutExclusiveTax</b><br>Test class: TestNGtest.TC_ProductPage</td>
<td></td>
<td>14</td>
<td>TestNGtest.TC_ProductPage@3899782c</td></tr>
</table><p>
</body>
</html>