<?xml version="1.0" encoding="UTF-8"?>
<!-- Generated by org.testng.reporters.JUnitXMLReporter -->
<testsuite ignored="3" hostname="DESKTOP-C4GD19I" failures="2" tests="32" name="Test" time="206.834" errors="0" timestamp="2023-01-04T11:51:23 GST">
  <testcase classname="TestNGtest.TC_loginpage" name="TC_AVerifyTitle" time="0.053"/>
  <testcase classname="TestNGtest.TC_loginpage" name="TC_BloginDDwithInvalidData" time="4.917"/>
  <testcase classname="TestNGtest.TC_ProductPage" name="TC_AwithoutProName" time="9.503"/>
  <testcase classname="TestNGtest.TC_ListProduct" name="TC_A" time="9.838"/>
  <testcase classname="TestNGtest.TC_ListProduct" name="TC_AVerifyTitle" time="0.014"/>
  <testcase classname="TestNGtest.TC_ListProduct" name="TC_Bcheckbox" time="0.293"/>
  <testcase classname="TestNGtest.TC_loginpage" name="TC_BloginDDwithInvalidData" time="4.811"/>
  <testcase classname="TestNGtest.TC_Purchase" name="TC_AverifyTitle" time="12.295"/>
  <testcase classname="TestNGtest.TC_loginpage" name="TC_BloginDDwithInvalidData" time="4.869"/>
  <testcase classname="TestNGtest.TC_ListProduct" name="TC_Cdelete" time="7.706">
    <failure type="org.openqa.selenium.NoSuchElementException" message="no such element: Unable to locate element: {&amp;quot;method&amp;quot;:&amp;quot;css selector&amp;quot;,&amp;quot;selector&amp;quot;:&amp;quot;.toast\-message&amp;quot;}
  (Session info: chrome=108.0.5359.125)
For documentation on this error, please visit: https://selenium.dev/exceptions/#no_such_element
Build info: version: &amp;apos;4.4.0&amp;apos;, revision: &amp;apos;e5c75ed026a&amp;apos;
System info: host: &amp;apos;DESKTOP-C4GD19I&amp;apos;, ip: &amp;apos;192.168.0.106&amp;apos;, os.name: &amp;apos;Windows 11&amp;apos;, os.arch: &amp;apos;amd64&amp;apos;, os.version: &amp;apos;10.0&amp;apos;, java.version: &amp;apos;17.0.5&amp;apos;
Driver info: org.openqa.selenium.chrome.ChromeDriver
Command: [10d5a4ea45c78704ed02f9bbd5c0149c, findElement {using=class name, value=toast-message}]
Capabilities {acceptInsecureCerts: false, browserName: chrome, browserVersion: 108.0.5359.125, chrome: {chromedriverVersion: 107.0.5304.62 (1eec40d3a576..., userDataDir: C:\Users\Sajida\AppData\Loc...}, goog:chromeOptions: {debuggerAddress: localhost:52254}, networkConnectionEnabled: false, pageLoadStrategy: normal, platformName: WINDOWS, proxy: Proxy(), se:cdp: ws://localhost:52254/devtoo..., se:cdpVersion: 108.0.5359.125, setWindowRect: true, strictFileInteractability: false, timeouts: {implicit: 0, pageLoad: 300000, script: 30000}, unhandledPromptBehavior: dismiss and notify, webauthn:extension:credBlob: true, webauthn:extension:largeBlob: true, webauthn:virtualAuthenticators: true}
Session ID: 10d5a4ea45c78704ed02f9bbd5c0149c">
      <![CDATA[org.openqa.selenium.NoSuchElementException: no such element: Unable to locate element: {"method":"css selector","selector":".toast\-message"}
  (Session info: chrome=108.0.5359.125)
For documentation on this error, please visit: https://selenium.dev/exceptions/#no_such_element
Build info: version: '4.4.0', revision: 'e5c75ed026a'
System info: host: 'DESKTOP-C4GD19I', ip: '192.168.0.106', os.name: 'Windows 11', os.arch: 'amd64', os.version: '10.0', java.version: '17.0.5'
Driver info: org.openqa.selenium.chrome.ChromeDriver
Command: [10d5a4ea45c78704ed02f9bbd5c0149c, findElement {using=class name, value=toast-message}]
Capabilities {acceptInsecureCerts: false, browserName: chrome, browserVersion: 108.0.5359.125, chrome: {chromedriverVersion: 107.0.5304.62 (1eec40d3a576..., userDataDir: C:\Users\Sajida\AppData\Loc...}, goog:chromeOptions: {debuggerAddress: localhost:52254}, networkConnectionEnabled: false, pageLoadStrategy: normal, platformName: WINDOWS, proxy: Proxy(), se:cdp: ws://localhost:52254/devtoo..., se:cdpVersion: 108.0.5359.125, setWindowRect: true, strictFileInteractability: false, timeouts: {implicit: 0, pageLoad: 300000, script: 30000}, unhandledPromptBehavior: dismiss and notify, webauthn:extension:credBlob: true, webauthn:extension:largeBlob: true, webauthn:virtualAuthenticators: true}
Session ID: 10d5a4ea45c78704ed02f9bbd5c0149c
at org.openqa.selenium.remote.codec.w3c.W3CHttpResponseCodec.createException(W3CHttpResponseCodec.java:200)
at org.openqa.selenium.remote.codec.w3c.W3CHttpResponseCodec.decode(W3CHttpResponseCodec.java:133)
at org.openqa.selenium.remote.codec.w3c.W3CHttpResponseCodec.decode(W3CHttpResponseCodec.java:53)
at org.openqa.selenium.remote.HttpCommandExecutor.execute(HttpCommandExecutor.java:184)
at org.openqa.selenium.remote.service.DriverCommandExecutor.invokeExecute(DriverCommandExecutor.java:167)
at org.openqa.selenium.remote.service.DriverCommandExecutor.execute(DriverCommandExecutor.java:142)
at org.openqa.selenium.remote.RemoteWebDriver.execute(RemoteWebDriver.java:547)
at org.openqa.selenium.remote.ElementLocation$ElementFinder$2.findElement(ElementLocation.java:162)
at org.openqa.selenium.remote.ElementLocation.findElement(ElementLocation.java:66)
at org.openqa.selenium.remote.RemoteWebDriver.findElement(RemoteWebDriver.java:365)
at org.openqa.selenium.remote.RemoteWebDriver.findElement(RemoteWebDriver.java:357)
at org.openqa.selenium.support.pagefactory.DefaultElementLocator.findElement(DefaultElementLocator.java:70)
at org.openqa.selenium.support.pagefactory.internal.LocatingElementHandler.invoke(LocatingElementHandler.java:39)
at jdk.proxy2/jdk.proxy2.$Proxy25.getText(Unknown Source)
at PageElements.ListProduct.deleteMethod(ListProduct.java:65)
at TestNGtest.TC_ListProduct.TC_Cdelete(TC_ListProduct.java:54)
at java.base/java.util.concurrent.ThreadPoolExecutor.runWorker(ThreadPoolExecutor.java:1136)
at java.base/java.util.concurrent.ThreadPoolExecutor$Worker.run(ThreadPoolExecutor.java:635)
at java.base/java.lang.Thread.run(Thread.java:833)
... Removed 17 stack frames]]>
    </failure>
  </testcase> <!-- TC_Cdelete -->
  <testcase classname="TestNGtest.TC_ProductPage" name="TC_CwithoutalertQuantity" time="10.404"/>
  <testcase classname="TestNGtest.TC_Purchase" name="TC_Baddingwithoutsuplier" time="12.776"/>
  <testcase classname="TestNGtest.TC_loginpage" name="TC_Clogin" time="9.455"/>
  <testcase classname="TestNGtest.TC_loginpage" name="itestresultdemo" time="0.041">
    <failure type="org.openqa.selenium.NoSuchElementException" message="no such element: Unable to locate element: {&amp;quot;method&amp;quot;:&amp;quot;css selector&amp;quot;,&amp;quot;selector&amp;quot;:&amp;quot;#username&amp;quot;}
  (Session info: chrome=108.0.5359.125)
For documentation on this error, please visit: https://selenium.dev/exceptions/#no_such_element
Build info: version: &amp;apos;4.4.0&amp;apos;, revision: &amp;apos;e5c75ed026a&amp;apos;
System info: host: &amp;apos;DESKTOP-C4GD19I&amp;apos;, ip: &amp;apos;192.168.0.106&amp;apos;, os.name: &amp;apos;Windows 11&amp;apos;, os.arch: &amp;apos;amd64&amp;apos;, os.version: &amp;apos;10.0&amp;apos;, java.version: &amp;apos;17.0.5&amp;apos;
Driver info: org.openqa.selenium.chrome.ChromeDriver
Command: [bcf44fdcb1db1eb6ba9ba10a4a4fb6f1, findElement {using=id, value=username}]
Capabilities {acceptInsecureCerts: false, browserName: chrome, browserVersion: 108.0.5359.125, chrome: {chromedriverVersion: 107.0.5304.62 (1eec40d3a576..., userDataDir: C:\Users\Sajida\AppData\Loc...}, goog:chromeOptions: {debuggerAddress: localhost:52319}, networkConnectionEnabled: false, pageLoadStrategy: normal, platformName: WINDOWS, proxy: Proxy(), se:cdp: ws://localhost:52319/devtoo..., se:cdpVersion: 108.0.5359.125, setWindowRect: true, strictFileInteractability: false, timeouts: {implicit: 0, pageLoad: 300000, script: 30000}, unhandledPromptBehavior: dismiss and notify, webauthn:extension:credBlob: true, webauthn:extension:largeBlob: true, webauthn:virtualAuthenticators: true}
Session ID: bcf44fdcb1db1eb6ba9ba10a4a4fb6f1">
      <![CDATA[org.openqa.selenium.NoSuchElementException: no such element: Unable to locate element: {"method":"css selector","selector":"#username"}
  (Session info: chrome=108.0.5359.125)
For documentation on this error, please visit: https://selenium.dev/exceptions/#no_such_element
Build info: version: '4.4.0', revision: 'e5c75ed026a'
System info: host: 'DESKTOP-C4GD19I', ip: '192.168.0.106', os.name: 'Windows 11', os.arch: 'amd64', os.version: '10.0', java.version: '17.0.5'
Driver info: org.openqa.selenium.chrome.ChromeDriver
Command: [bcf44fdcb1db1eb6ba9ba10a4a4fb6f1, findElement {using=id, value=username}]
Capabilities {acceptInsecureCerts: false, browserName: chrome, browserVersion: 108.0.5359.125, chrome: {chromedriverVersion: 107.0.5304.62 (1eec40d3a576..., userDataDir: C:\Users\Sajida\AppData\Loc...}, goog:chromeOptions: {debuggerAddress: localhost:52319}, networkConnectionEnabled: false, pageLoadStrategy: normal, platformName: WINDOWS, proxy: Proxy(), se:cdp: ws://localhost:52319/devtoo..., se:cdpVersion: 108.0.5359.125, setWindowRect: true, strictFileInteractability: false, timeouts: {implicit: 0, pageLoad: 300000, script: 30000}, unhandledPromptBehavior: dismiss and notify, webauthn:extension:credBlob: true, webauthn:extension:largeBlob: true, webauthn:virtualAuthenticators: true}
Session ID: bcf44fdcb1db1eb6ba9ba10a4a4fb6f1
at org.openqa.selenium.remote.codec.w3c.W3CHttpResponseCodec.createException(W3CHttpResponseCodec.java:200)
at org.openqa.selenium.remote.codec.w3c.W3CHttpResponseCodec.decode(W3CHttpResponseCodec.java:133)
at org.openqa.selenium.remote.codec.w3c.W3CHttpResponseCodec.decode(W3CHttpResponseCodec.java:53)
at org.openqa.selenium.remote.HttpCommandExecutor.execute(HttpCommandExecutor.java:184)
at org.openqa.selenium.remote.service.DriverCommandExecutor.invokeExecute(DriverCommandExecutor.java:167)
at org.openqa.selenium.remote.service.DriverCommandExecutor.execute(DriverCommandExecutor.java:142)
at org.openqa.selenium.remote.RemoteWebDriver.execute(RemoteWebDriver.java:547)
at org.openqa.selenium.remote.ElementLocation$ElementFinder$2.findElement(ElementLocation.java:162)
at org.openqa.selenium.remote.ElementLocation.findElement(ElementLocation.java:60)
at org.openqa.selenium.remote.RemoteWebDriver.findElement(RemoteWebDriver.java:365)
at org.openqa.selenium.remote.RemoteWebDriver.findElement(RemoteWebDriver.java:357)
at org.openqa.selenium.support.pagefactory.DefaultElementLocator.findElement(DefaultElementLocator.java:70)
at org.openqa.selenium.support.pagefactory.internal.LocatingElementHandler.invoke(LocatingElementHandler.java:39)
at jdk.proxy2/jdk.proxy2.$Proxy25.isDisplayed(Unknown Source)
at TestNGtest.TC_loginpage.itestresultdemo(TC_loginpage.java:97)
at java.base/java.util.concurrent.ThreadPoolExecutor.runWorker(ThreadPoolExecutor.java:1136)
at java.base/java.util.concurrent.ThreadPoolExecutor$Worker.run(ThreadPoolExecutor.java:635)
at java.base/java.lang.Thread.run(Thread.java:833)
... Removed 17 stack frames]]>
    </failure>
  </testcase> <!-- itestresultdemo -->
  <testcase classname="TestNGtest.TC_ProductPage" name="TC_DwithoutExclusiveTax" time="14.585"/>
  <testcase classname="TestNGtest.TC_ListProduct" name="TC_DdeleteWithNoElement" time="18.173"/>
  <testcase classname="TestNGtest.TC_ProductPage" name="TC_Ewithoutnayfield" time="8.586"/>
  <testcase classname="TestNGtest.TC_ProductPage" name="TC_FverifyTitle" time="0.009"/>
  <testcase classname="TestNGtest.TC_ProductPage" name="TC_GmanageCheck" time="0.036"/>
  <testcase classname="TestNGtest.TC_ProductPage" name="TC_IinclusiveTax" time="0.323"/>
  <testcase classname="TestNGtest.TC_Purchase" name="TC_Caddingwithoutstatus" time="24.512"/>
  <testcase classname="TestNGtest.TC_ProductPage" name="TC_ZAllInputs" time="8.409"/>
  <testcase classname="TestNGtest.TC_ProductPage" name="TC_skuTooltip" time="0.218"/>
  <testcase classname="TestNGtest.TC_Purchase" name="TC_DaddingwithoutbusinessLoc" time="13.381"/>
  <testcase classname="TestNGtest.TC_Purchase" name="TC_EaddingwithoutProduct" time="4.763"/>
  <testcase classname="TestNGtest.TC_Purchase" name="TC_Faddingwithoutamount" time="16.162"/>
  <testcase classname="TestNGtest.TC_Purchase" name="TC_GCardDetails" time="2.285"/>
  <testcase classname="TestNGtest.TC_Purchase" name="TC_HdateCheck" time="0.035"/>
  <testcase classname="TestNGtest.TC_Purchase" name="TC_Isearchproduct" time="6.277"/>
  <testcase classname="TestNGtest.TC_Purchase" name="TC_JfileUpload" time="2.109"/>
  <testcase classname="TestNGtest.TC_Purchase" name="TC_Kaddproduct" time="3.207"/>
  <testcase classname="TestNGtest.TC_Purchase" name="TC_ZvalidData" time="45.361"/>
  <testcase classname="TestNGtest.TC_ProductPage" name="TC_BwithoutUnit" time="0.0">
    <ignored/>
  </testcase> <!-- TC_BwithoutUnit -->
  <testcase classname="TestNGtest.TC_ProductPage" name="TC_save" time="0.0">
    <ignored/>
  </testcase> <!-- TC_save -->
  <testcase classname="TestNGtest.TC_ProductPage" name="TC_HUnitName" time="0.0">
    <ignored/>
  </testcase> <!-- TC_HUnitName -->
</testsuite> <!-- Test -->
